<?xml version="1.0" encoding="UTF-8"?>
<!-- Generated by org.testng.reporters.JUnitXMLReporter -->
<testsuite hostname="LAPTOP-TGHK88CQ" name="Surefire test" tests="2" failures="0" timestamp="16 Jul 2018 07:30:02 GMT" time="0.068" errors="0">
  <testcase name="shouldAnswerWithTrue on shouldAnswerWithTrue(org.tedu.mavenPro2.CopyOfAppTest111)" time="0.009" classname="org.tedu.mavenPro2.CopyOfAppTest111"/>
  <testcase name="testa on testa(org.tedu.mavenPro2.CopyOfApp1Test1)" time="0.002" classname="org.tedu.mavenPro2.CopyOfApp1Test1"/>
</testsuite> <!-- Surefire test -->
