<?xml version="1.0" encoding="UTF-8"?>
<!-- Generated by org.testng.reporters.JUnitXMLReporter -->
<testsuite hostname="LAPTOP-TGHK88CQ" name="Surefire test" tests="9" failures="0" timestamp="28 Jul 2018 09:32:42 GMT" time="70.974" errors="0">
  <testcase name="f" time="2.895" classname="csv.TestAdvancedSearch"/>
  <testcase name="f" time="3.675" classname="csv.TestAdvancedSearch"/>
  <testcase name="f" time="2.644" classname="csv.TestAdvancedSearch"/>
  <testcase name="f" time="9.937" classname="ECshop.TestECshopSearch"/>
  <testcase name="f" time="0.0" classname="org.tedu.mavenPro2.NewTest"/>
  <testcase name="f" time="2.971" classname="org.tedu.mavenPro2.TestAdvancedSearch"/>
  <testcase name="f" time="3.557" classname="org.tedu.mavenPro2.TestAdvancedSearch"/>
  <testcase name="f" time="2.871" classname="org.tedu.mavenPro2.TestAdvancedSearch"/>
  <testcase name="f" time="3.511" classname="org.tedu.mavenPro2.TestLog4j"/>
</testsuite> <!-- Surefire test -->
