-------------------------------------------------------------------------------
Test set: TestSuite
-------------------------------------------------------------------------------
Tests run: 13, Failures: 1, Errors: 0, Skipped: 0, Time elapsed: 72.376 s <<< FAILURE! - in TestSuite
testb on testb(org.tedu.mavenPro2.App1Test)(org.tedu.mavenPro2.App1Test)  Time elapsed: 0.011 s  <<< FAILURE!
java.lang.AssertionError: 
	at org.tedu.mavenPro2.App1Test.testb(App1Test.java:25)

