<testng-results>
  <reporter-output>
  </reporter-output>
  <suite name="mavenPro2" duration-ms="33118" started-at="2018-07-28T16:00:16Z" finished-at="2018-07-28T16:00:49Z">
    <groups>
    </groups>
    <test name="csv.TestAdvancedSearch" duration-ms="33118" started-at="2018-07-28T16:00:16Z" finished-at="2018-07-28T16:00:49Z">
      <class name="csv.TestAdvancedSearch">
        <test-method status="PASS" signature="beforeMethod()" name="beforeMethod" is-config="true" duration-ms="7086" started-at="2018-07-28T16:00:16Z" finished-at="2018-07-28T16:00:23Z">
        </test-method>
        <test-method status="PASS" signature="f(java.lang.String, java.lang.String, java.lang.String, java.lang.String, java.lang.String, java.lang.String, java.lang.String, java.lang.String, java.lang.String)" name="f" duration-ms="3980" started-at="2018-07-28T16:00:23Z" finished-at="2018-07-28T16:00:27Z">
          <params>
            <param index="0">
              <value>
                <![CDATA[b]]>
              </value>
            </param>
            <param index="1">
              <value>
                <![CDATA[手机类型]]>
              </value>
            </param>
            <param index="2">
              <value>
                <![CDATA[三星]]>
              </value>
            </param>
            <param index="3">
              <value>
                <![CDATA[1]]>
              </value>
            </param>
            <param index="4">
              <value>
                <![CDATA[6000]]>
              </value>
            </param>
            <param index="5">
              <value>
                <![CDATA[请选择]]>
              </value>
            </param>
            <param index="6">
              <value>
                <![CDATA[]]>
              </value>
            </param>
            <param index="7">
              <value>
                <![CDATA[]]>
              </value>
            </param>
            <param index="8">
              <value>
                <![CDATA[1]]>
              </value>
            </param>
          </params>
        </test-method>
        <test-method status="PASS" signature="afterMethod()" name="afterMethod" is-config="true" duration-ms="503" started-at="2018-07-28T16:00:27Z" finished-at="2018-07-28T16:00:27Z">
        </test-method>
        <test-method status="PASS" signature="beforeMethod()" name="beforeMethod" is-config="true" duration-ms="5663" started-at="2018-07-28T16:00:27Z" finished-at="2018-07-28T16:00:33Z">
        </test-method>
        <test-method status="PASS" signature="f(java.lang.String, java.lang.String, java.lang.String, java.lang.String, java.lang.String, java.lang.String, java.lang.String, java.lang.String, java.lang.String)" name="f" duration-ms="5233" started-at="2018-07-28T16:00:33Z" finished-at="2018-07-28T16:00:38Z">
          <params>
            <param index="0">
              <value>
                <![CDATA[n]]>
              </value>
            </param>
            <param index="1">
              <value>
                <![CDATA[手机类型]]>
              </value>
            </param>
            <param index="2">
              <value>
                <![CDATA[联想]]>
              </value>
            </param>
            <param index="3">
              <value>
                <![CDATA[100]]>
              </value>
            </param>
            <param index="4">
              <value>
                <![CDATA[2000]]>
              </value>
            </param>
            <param index="5">
              <value>
                <![CDATA[精品手机]]>
              </value>
            </param>
            <param index="6">
              <value>
                <![CDATA[2008年06月]]>
              </value>
            </param>
            <param index="7">
              <value>
                <![CDATA[灰色]]>
              </value>
            </param>
            <param index="8">
              <value>
                <![CDATA[1]]>
              </value>
            </param>
          </params>
        </test-method>
        <test-method status="PASS" signature="afterMethod()" name="afterMethod" is-config="true" duration-ms="479" started-at="2018-07-28T16:00:38Z" finished-at="2018-07-28T16:00:39Z">
        </test-method>
        <test-method status="PASS" signature="beforeMethod()" name="beforeMethod" is-config="true" duration-ms="5861" started-at="2018-07-28T16:00:39Z" finished-at="2018-07-28T16:00:44Z">
        </test-method>
        <test-method status="PASS" signature="f(java.lang.String, java.lang.String, java.lang.String, java.lang.String, java.lang.String, java.lang.String, java.lang.String, java.lang.String, java.lang.String)" name="f" duration-ms="3789" started-at="2018-07-28T16:00:44Z" finished-at="2018-07-28T16:00:48Z">
          <params>
            <param index="0">
              <value>
                <![CDATA[t]]>
              </value>
            </param>
            <param index="1">
              <value>
                <![CDATA[充值卡]]>
              </value>
            </param>
            <param index="2">
              <value>
                <![CDATA[LG]]>
              </value>
            </param>
            <param index="3">
              <value>
                <![CDATA[50]]>
              </value>
            </param>
            <param index="4">
              <value>
                <![CDATA[500]]>
              </value>
            </param>
            <param index="5">
              <value>
                <![CDATA[请选择]]>
              </value>
            </param>
            <param index="6">
              <value>
                <![CDATA[]]>
              </value>
            </param>
            <param index="7">
              <value>
                <![CDATA[]]>
              </value>
            </param>
            <param index="8">
              <value>
                <![CDATA[0]]>
              </value>
            </param>
          </params>
        </test-method>
        <test-method status="PASS" signature="afterMethod()" name="afterMethod" is-config="true" duration-ms="507" started-at="2018-07-28T16:00:48Z" finished-at="2018-07-28T16:00:49Z">
        </test-method>
      </class>
    </test>
  </suite>
</testng-results>
